<?xml version="1.0" encoding="UTF-8"?>
<testsuite name="summaryIExercise10.TestSummaryIExercise10" tests="4" skipped="0" failures="0" errors="0" timestamp="2022-12-24T15:11:26" hostname="DESKTOP-G5TPAS8" time="0.034">
  <properties/>
  <testcase name="testSnake2" classname="summaryIExercise10.TestSummaryIExercise10" time="0.021"/>
  <testcase name="testSnake3" classname="summaryIExercise10.TestSummaryIExercise10" time="0.001"/>
  <testcase name="testSnake4" classname="summaryIExercise10.TestSummaryIExercise10" time="0.002"/>
  <testcase name="testSnake5" classname="summaryIExercise10.TestSummaryIExercise10" time="0.009"/>
  <system-out><![CDATA[]]></system-out>
  <system-err><![CDATA[]]></system-err>
</testsuite>
